<?xml version="1.0" encoding="UTF-8"?>
<!-- Generated by org.testng.reporters.JUnitReportReporter -->
<testsuite skipped="0" hostname="DESKTOP-1UUSN79" name="TestCases.GET_or_Read_All_Products" tests="1" failures="0" timestamp="03 May 2021 16:26:21 GMT" time="2.638" errors="0">
  <testcase name="read_All_Products" time="2.638" classname="TestCases.GET_or_Read_All_Products"/>
</testsuite> <!-- TestCases.GET_or_Read_All_Products -->
